0 verbose cli /usr/bin/node-18 /usr/bin/npm
1 info using npm@10.5.0
2 info using node@v18.20.2
3 timing npm:load:whichnode Completed in 21ms
4 timing config:load:defaults Completed in 4ms
5 timing config:load:file:/usr/lib/node_modules_18/npm/npmrc Completed in 13ms
6 timing config:load:builtin Completed in 13ms
7 timing config:load:cli Completed in 2ms
8 timing config:load:env Completed in 0ms
9 timing config:load:file:/home/ec2-user/docker-web-app/.npmrc Completed in 0ms
10 timing config:load:project Completed in 8ms
11 timing config:load:file:/home/ec2-user/.npmrc Completed in 0ms
12 timing config:load:user Completed in 0ms
13 timing config:load:file:/etc/npmrc Completed in 0ms
14 timing config:load:global Completed in 0ms
15 timing config:load:setEnvs Completed in 1ms
16 timing config:load Completed in 29ms
17 timing npm:load:configload Completed in 29ms
18 timing config:load:flatten Completed in 2ms
19 timing npm:load:mkdirpcache Completed in 6ms
20 timing npm:load:mkdirplogs Completed in 0ms
21 verbose title npm install express
22 verbose argv "install" "express"
23 timing npm:load:setTitle Completed in 0ms
24 timing npm:load:display Completed in 1ms
25 verbose logfile logs-max:10 dir:/home/ec2-user/.npm/_logs/2024-11-06T19_24_56_955Z-
26 verbose logfile /home/ec2-user/.npm/_logs/2024-11-06T19_24_56_955Z-debug-0.log
27 timing npm:load:logFile Completed in 18ms
28 timing npm:load:timers Completed in 0ms
29 timing npm:load:configScope Completed in 0ms
30 timing npm:load Completed in 108ms
31 timing arborist:ctor Completed in 2ms
32 silly logfile done cleaning log files
33 timing arborist:ctor Completed in 1ms
34 timing idealTree:init Completed in 22ms
35 timing idealTree:userRequests Completed in 6ms
36 silly idealTree buildDeps
37 silly fetch manifest express@*
38 http fetch GET 200 https://registry.npmjs.org/express 224ms (cache miss)
39 silly placeDep ROOT express@4.21.1 OK for: docker-web-app@1.0.0 want: *
40 silly fetch manifest qs@6.13.0
41 http fetch GET 200 https://registry.npmjs.org/qs 52ms (cache miss)
42 silly fetch manifest depd@2.0.0
43 http fetch GET 200 https://registry.npmjs.org/depd 49ms (cache miss)
44 silly fetch manifest etag@~1.8.1
45 http fetch GET 200 https://registry.npmjs.org/etag 40ms (cache miss)
46 silly fetch manifest send@0.19.0
47 http fetch GET 200 https://registry.npmjs.org/send 42ms (cache miss)
48 silly fetch manifest vary@~1.1.2
49 http fetch GET 200 https://registry.npmjs.org/vary 35ms (cache miss)
50 silly fetch manifest debug@2.6.9
51 http fetch GET 200 https://registry.npmjs.org/debug 32ms (cache miss)
52 silly fetch manifest fresh@0.5.2
53 http fetch GET 200 https://registry.npmjs.org/fresh 35ms (cache miss)
54 silly fetch manifest cookie@0.7.1
55 http fetch GET 200 https://registry.npmjs.org/cookie 39ms (cache miss)
56 silly fetch manifest accepts@~1.3.8
57 http fetch GET 200 https://registry.npmjs.org/accepts 39ms (cache miss)
58 silly fetch manifest methods@~1.1.2
59 http fetch GET 200 https://registry.npmjs.org/methods 37ms (cache miss)
60 silly fetch manifest type-is@~1.6.18
61 http fetch GET 200 https://registry.npmjs.org/type-is 40ms (cache miss)
62 silly fetch manifest parseurl@~1.3.3
63 http fetch GET 200 https://registry.npmjs.org/parseurl 27ms (cache miss)
64 silly fetch manifest statuses@2.0.1
65 http fetch GET 200 https://registry.npmjs.org/statuses 37ms (cache miss)
66 silly fetch manifest encodeurl@~2.0.0
67 http fetch GET 200 https://registry.npmjs.org/encodeurl 38ms (cache miss)
68 silly fetch manifest proxy-addr@~2.0.7
69 http fetch GET 200 https://registry.npmjs.org/proxy-addr 29ms (cache miss)
70 silly fetch manifest body-parser@1.20.3
71 http fetch GET 200 https://registry.npmjs.org/body-parser 89ms (cache miss)
72 silly fetch manifest escape-html@~1.0.3
73 http fetch GET 200 https://registry.npmjs.org/escape-html 48ms (cache miss)
74 silly fetch manifest http-errors@2.0.0
75 http fetch GET 200 https://registry.npmjs.org/http-errors 29ms (cache miss)
76 silly fetch manifest on-finished@2.4.1
77 http fetch GET 200 https://registry.npmjs.org/on-finished 37ms (cache miss)
78 silly fetch manifest safe-buffer@5.2.1
79 http fetch GET 200 https://registry.npmjs.org/safe-buffer 40ms (cache miss)
80 silly fetch manifest utils-merge@1.0.1
81 http fetch GET 200 https://registry.npmjs.org/utils-merge 39ms (cache miss)
82 silly fetch manifest content-type@~1.0.4
83 http fetch GET 200 https://registry.npmjs.org/content-type 39ms (cache miss)
84 silly fetch manifest finalhandler@1.3.1
85 http fetch GET 200 https://registry.npmjs.org/finalhandler 51ms (cache miss)
86 silly fetch manifest range-parser@~1.2.1
87 http fetch GET 200 https://registry.npmjs.org/range-parser 26ms (cache miss)
88 silly fetch manifest serve-static@1.16.2
89 http fetch GET 200 https://registry.npmjs.org/serve-static 51ms (cache miss)
90 silly fetch manifest array-flatten@1.1.1
91 http fetch GET 200 https://registry.npmjs.org/array-flatten 36ms (cache miss)
92 silly fetch manifest path-to-regexp@0.1.10
93 http fetch GET 200 https://registry.npmjs.org/path-to-regexp 41ms (cache miss)
94 silly fetch manifest setprototypeof@1.2.0
95 http fetch GET 200 https://registry.npmjs.org/setprototypeof 31ms (cache miss)
96 silly fetch manifest cookie-signature@1.0.6
97 http fetch GET 200 https://registry.npmjs.org/cookie-signature 29ms (cache miss)
98 silly fetch manifest merge-descriptors@1.0.3
99 http fetch GET 200 https://registry.npmjs.org/merge-descriptors 43ms (cache miss)
100 silly fetch manifest content-disposition@0.5.4
101 http fetch GET 200 https://registry.npmjs.org/content-disposition 91ms (cache miss)
102 timing idealTree:#root Completed in 1600ms
103 silly placeDep ROOT accepts@1.3.8 OK for: express@4.21.1 want: ~1.3.8
104 silly placeDep ROOT array-flatten@1.1.1 OK for: express@4.21.1 want: 1.1.1
105 silly placeDep ROOT body-parser@1.20.3 OK for: express@4.21.1 want: 1.20.3
106 silly placeDep ROOT content-disposition@0.5.4 OK for: express@4.21.1 want: 0.5.4
107 silly placeDep ROOT content-type@1.0.5 OK for: express@4.21.1 want: ~1.0.4
108 silly placeDep ROOT cookie@0.7.1 OK for: express@4.21.1 want: 0.7.1
109 silly placeDep ROOT cookie-signature@1.0.6 OK for: express@4.21.1 want: 1.0.6
110 silly placeDep ROOT debug@2.6.9 OK for: express@4.21.1 want: 2.6.9
111 silly placeDep ROOT depd@2.0.0 OK for: express@4.21.1 want: 2.0.0
112 silly placeDep ROOT encodeurl@2.0.0 OK for: express@4.21.1 want: ~2.0.0
113 silly placeDep ROOT escape-html@1.0.3 OK for: express@4.21.1 want: ~1.0.3
114 silly placeDep ROOT etag@1.8.1 OK for: express@4.21.1 want: ~1.8.1
115 silly placeDep ROOT finalhandler@1.3.1 OK for: express@4.21.1 want: 1.3.1
116 silly placeDep ROOT fresh@0.5.2 OK for: express@4.21.1 want: 0.5.2
117 silly placeDep ROOT http-errors@2.0.0 OK for: express@4.21.1 want: 2.0.0
118 silly placeDep ROOT merge-descriptors@1.0.3 OK for: express@4.21.1 want: 1.0.3
119 silly placeDep ROOT methods@1.1.2 OK for: express@4.21.1 want: ~1.1.2
120 silly placeDep ROOT on-finished@2.4.1 OK for: express@4.21.1 want: 2.4.1
121 silly placeDep ROOT parseurl@1.3.3 OK for: express@4.21.1 want: ~1.3.3
122 silly placeDep ROOT path-to-regexp@0.1.10 OK for: express@4.21.1 want: 0.1.10
123 silly placeDep ROOT proxy-addr@2.0.7 OK for: express@4.21.1 want: ~2.0.7
124 silly placeDep ROOT qs@6.13.0 OK for: express@4.21.1 want: 6.13.0
125 silly placeDep ROOT range-parser@1.2.1 OK for: express@4.21.1 want: ~1.2.1
126 silly placeDep ROOT safe-buffer@5.2.1 OK for: express@4.21.1 want: 5.2.1
127 silly placeDep ROOT send@0.19.0 OK for: express@4.21.1 want: 0.19.0
128 silly placeDep ROOT serve-static@1.16.2 OK for: express@4.21.1 want: 1.16.2
129 silly placeDep ROOT setprototypeof@1.2.0 OK for: express@4.21.1 want: 1.2.0
130 silly placeDep ROOT statuses@2.0.1 OK for: express@4.21.1 want: 2.0.1
131 silly placeDep ROOT type-is@1.6.18 OK for: express@4.21.1 want: ~1.6.18
132 silly placeDep ROOT utils-merge@1.0.1 OK for: express@4.21.1 want: 1.0.1
133 silly placeDep ROOT vary@1.1.2 OK for: express@4.21.1 want: ~1.1.2
134 silly fetch manifest mime-types@~2.1.34
135 http fetch GET 200 https://registry.npmjs.org/mime-types 42ms (cache miss)
136 silly fetch manifest negotiator@0.6.3
137 http fetch GET 200 https://registry.npmjs.org/negotiator 38ms (cache miss)
138 silly fetch manifest bytes@3.1.2
139 http fetch GET 200 https://registry.npmjs.org/bytes 38ms (cache miss)
140 silly fetch manifest unpipe@1.0.0
141 http fetch GET 200 https://registry.npmjs.org/unpipe 48ms (cache miss)
142 silly fetch manifest destroy@1.2.0
143 http fetch GET 200 https://registry.npmjs.org/destroy 28ms (cache miss)
144 silly fetch manifest raw-body@2.5.2
145 http fetch GET 200 https://registry.npmjs.org/raw-body 42ms (cache miss)
146 silly fetch manifest iconv-lite@0.4.24
147 http fetch GET 200 https://registry.npmjs.org/iconv-lite 37ms (cache miss)
148 silly fetch manifest content-type@~1.0.5
149 silly fetch manifest ms@2.0.0
150 http fetch GET 200 https://registry.npmjs.org/ms 47ms (cache miss)
151 silly fetch manifest unpipe@~1.0.0
152 silly fetch manifest inherits@2.0.4
153 http fetch GET 200 https://registry.npmjs.org/inherits 36ms (cache miss)
154 silly fetch manifest toidentifier@1.0.1
155 http fetch GET 200 https://registry.npmjs.org/toidentifier 39ms (cache miss)
156 silly fetch manifest ee-first@1.1.1
157 http fetch GET 200 https://registry.npmjs.org/ee-first 26ms (cache miss)
158 silly fetch manifest forwarded@0.2.0
159 http fetch GET 200 https://registry.npmjs.org/forwarded 85ms (cache miss)
160 silly fetch manifest ipaddr.js@1.9.1
161 http fetch GET 200 https://registry.npmjs.org/ipaddr.js 35ms (cache miss)
162 silly fetch manifest side-channel@^1.0.6
163 http fetch GET 200 https://registry.npmjs.org/side-channel 28ms (cache miss)
164 silly fetch manifest ms@2.1.3
165 silly fetch manifest mime@1.6.0
166 http fetch GET 200 https://registry.npmjs.org/mime 50ms (cache miss)
167 silly fetch manifest encodeurl@~1.0.2
168 silly fetch manifest mime-types@~2.1.24
169 silly fetch manifest media-typer@0.3.0
170 http fetch GET 200 https://registry.npmjs.org/media-typer 53ms (cache miss)
171 timing idealTree:node_modules/express Completed in 787ms
172 silly placeDep ROOT mime-types@2.1.35 OK for: accepts@1.3.8 want: ~2.1.34
173 silly placeDep ROOT negotiator@0.6.3 OK for: accepts@1.3.8 want: 0.6.3
174 silly fetch manifest mime-db@1.52.0
175 http fetch GET 200 https://registry.npmjs.org/mime-db 36ms (cache miss)
176 timing idealTree:node_modules/accepts Completed in 41ms
177 timing idealTree:node_modules/array-flatten Completed in 0ms
178 silly placeDep ROOT bytes@3.1.2 OK for: body-parser@1.20.3 want: 3.1.2
179 silly placeDep ROOT destroy@1.2.0 OK for: body-parser@1.20.3 want: 1.2.0
180 silly placeDep ROOT iconv-lite@0.4.24 OK for: body-parser@1.20.3 want: 0.4.24
181 silly placeDep ROOT raw-body@2.5.2 OK for: body-parser@1.20.3 want: 2.5.2
182 silly placeDep ROOT unpipe@1.0.0 OK for: body-parser@1.20.3 want: 1.0.0
183 silly fetch manifest safer-buffer@>= 2.1.2 < 3
184 http fetch GET 200 https://registry.npmjs.org/safer-buffer 38ms (cache miss)
185 timing idealTree:node_modules/body-parser Completed in 55ms
186 timing idealTree:node_modules/bytes Completed in 0ms
187 timing idealTree:node_modules/content-disposition Completed in 0ms
188 timing idealTree:node_modules/content-type Completed in 0ms
189 timing idealTree:node_modules/cookie Completed in 0ms
190 timing idealTree:node_modules/cookie-signature Completed in 0ms
191 silly placeDep ROOT ms@2.0.0 OK for: debug@2.6.9 want: 2.0.0
192 timing idealTree:node_modules/debug Completed in 12ms
193 timing idealTree:node_modules/depd Completed in 0ms
194 timing idealTree:node_modules/destroy Completed in 0ms
195 timing idealTree:node_modules/encodeurl Completed in 0ms
196 timing idealTree:node_modules/escape-html Completed in 0ms
197 timing idealTree:node_modules/etag Completed in 0ms
198 timing idealTree:node_modules/finalhandler Completed in 0ms
199 timing idealTree:node_modules/fresh Completed in 0ms
200 silly placeDep ROOT inherits@2.0.4 OK for: http-errors@2.0.0 want: 2.0.4
201 silly placeDep ROOT toidentifier@1.0.1 OK for: http-errors@2.0.0 want: 1.0.1
202 timing idealTree:node_modules/http-errors Completed in 4ms
203 silly placeDep ROOT safer-buffer@2.1.2 OK for: iconv-lite@0.4.24 want: >= 2.1.2 < 3
204 timing idealTree:node_modules/iconv-lite Completed in 1ms
205 timing idealTree:node_modules/inherits Completed in 0ms
206 timing idealTree:node_modules/merge-descriptors Completed in 0ms
207 timing idealTree:node_modules/methods Completed in 0ms
208 silly placeDep ROOT mime-db@1.52.0 OK for: mime-types@2.1.35 want: 1.52.0
209 timing idealTree:node_modules/mime-types Completed in 0ms
210 timing idealTree:node_modules/mime-db Completed in 0ms
211 timing idealTree:node_modules/ms Completed in 0ms
212 timing idealTree:node_modules/negotiator Completed in 0ms
213 silly placeDep ROOT ee-first@1.1.1 OK for: on-finished@2.4.1 want: 1.1.1
214 timing idealTree:node_modules/on-finished Completed in 0ms
215 timing idealTree:node_modules/ee-first Completed in 0ms
216 timing idealTree:node_modules/parseurl Completed in 0ms
217 timing idealTree:node_modules/path-to-regexp Completed in 1ms
218 silly placeDep ROOT forwarded@0.2.0 OK for: proxy-addr@2.0.7 want: 0.2.0
219 silly placeDep ROOT ipaddr.js@1.9.1 OK for: proxy-addr@2.0.7 want: 1.9.1
220 timing idealTree:node_modules/proxy-addr Completed in 2ms
221 timing idealTree:node_modules/forwarded Completed in 0ms
222 timing idealTree:node_modules/ipaddr.js Completed in 0ms
223 silly placeDep ROOT side-channel@1.0.6 OK for: qs@6.13.0 want: ^1.0.6
224 silly fetch manifest call-bind@^1.0.7
225 http fetch GET 200 https://registry.npmjs.org/call-bind 43ms (cache miss)
226 silly fetch manifest es-errors@^1.3.0
227 http fetch GET 200 https://registry.npmjs.org/es-errors 31ms (cache miss)
228 silly fetch manifest get-intrinsic@^1.2.4
229 http fetch GET 200 https://registry.npmjs.org/get-intrinsic 29ms (cache miss)
230 silly fetch manifest object-inspect@^1.13.1
231 http fetch GET 200 https://registry.npmjs.org/object-inspect 39ms (cache miss)
232 timing idealTree:node_modules/qs Completed in 152ms
233 timing idealTree:node_modules/range-parser Completed in 0ms
234 timing idealTree:node_modules/raw-body Completed in 0ms
235 timing idealTree:node_modules/safe-buffer Completed in 0ms
236 timing idealTree:node_modules/safer-buffer Completed in 0ms
237 silly placeDep node_modules/send encodeurl@1.0.2 OK for: send@0.19.0 want: ~1.0.2
238 silly placeDep ROOT mime@1.6.0 OK for: send@0.19.0 want: 1.6.0
239 silly placeDep node_modules/send ms@2.1.3 OK for: send@0.19.0 want: 2.1.3
240 timing idealTree:node_modules/send Completed in 24ms
241 timing idealTree:node_modules/mime Completed in 0ms
242 timing idealTree:node_modules/serve-static Completed in 0ms
243 timing idealTree:node_modules/setprototypeof Completed in 0ms
244 silly placeDep ROOT call-bind@1.0.7 OK for: side-channel@1.0.6 want: ^1.0.7
245 silly placeDep ROOT es-errors@1.3.0 OK for: side-channel@1.0.6 want: ^1.3.0
246 silly placeDep ROOT get-intrinsic@1.2.4 OK for: side-channel@1.0.6 want: ^1.2.4
247 silly placeDep ROOT object-inspect@1.13.2 OK for: side-channel@1.0.6 want: ^1.13.1
248 silly fetch manifest es-define-property@^1.0.0
249 http fetch GET 200 https://registry.npmjs.org/es-define-property 39ms (cache miss)
250 silly fetch manifest function-bind@^1.1.2
251 http fetch GET 200 https://registry.npmjs.org/function-bind 46ms (cache miss)
252 silly fetch manifest set-function-length@^1.2.1
253 http fetch GET 200 https://registry.npmjs.org/set-function-length 47ms (cache miss)
254 silly fetch manifest has-proto@^1.0.1
255 http fetch GET 200 https://registry.npmjs.org/has-proto 49ms (cache miss)
256 silly fetch manifest has-symbols@^1.0.3
257 http fetch GET 200 https://registry.npmjs.org/has-symbols 38ms (cache miss)
258 silly fetch manifest hasown@^2.0.0
259 http fetch GET 200 https://registry.npmjs.org/hasown 25ms (cache miss)
260 timing idealTree:node_modules/side-channel Completed in 260ms
261 silly placeDep ROOT es-define-property@1.0.0 OK for: call-bind@1.0.7 want: ^1.0.0
262 silly placeDep ROOT function-bind@1.1.2 OK for: call-bind@1.0.7 want: ^1.1.2
263 silly placeDep ROOT set-function-length@1.2.2 OK for: call-bind@1.0.7 want: ^1.2.1
264 silly fetch manifest define-data-property@^1.1.4
265 http fetch GET 200 https://registry.npmjs.org/define-data-property 83ms (cache miss)
266 silly fetch manifest gopd@^1.0.1
267 http fetch GET 200 https://registry.npmjs.org/gopd 39ms (cache miss)
268 silly fetch manifest has-property-descriptors@^1.0.2
269 http fetch GET 200 https://registry.npmjs.org/has-property-descriptors 25ms (cache miss)
270 timing idealTree:node_modules/call-bind Completed in 169ms
271 timing idealTree:node_modules/es-define-property Completed in 0ms
272 timing idealTree:node_modules/es-errors Completed in 0ms
273 timing idealTree:node_modules/function-bind Completed in 0ms
274 silly placeDep ROOT has-proto@1.0.3 OK for: get-intrinsic@1.2.4 want: ^1.0.1
275 silly placeDep ROOT has-symbols@1.0.3 OK for: get-intrinsic@1.2.4 want: ^1.0.3
276 silly placeDep ROOT hasown@2.0.2 OK for: get-intrinsic@1.2.4 want: ^2.0.0
277 timing idealTree:node_modules/get-intrinsic Completed in 14ms
278 timing idealTree:node_modules/has-proto Completed in 0ms
279 timing idealTree:node_modules/has-symbols Completed in 0ms
280 timing idealTree:node_modules/hasown Completed in 0ms
281 timing idealTree:node_modules/object-inspect Completed in 0ms
282 silly placeDep ROOT define-data-property@1.1.4 OK for: set-function-length@1.2.2 want: ^1.1.4
283 silly placeDep ROOT gopd@1.0.1 OK for: set-function-length@1.2.2 want: ^1.0.1
284 silly placeDep ROOT has-property-descriptors@1.0.2 OK for: set-function-length@1.2.2 want: ^1.0.2
285 timing idealTree:node_modules/set-function-length Completed in 7ms
286 timing idealTree:node_modules/define-data-property Completed in 0ms
287 timing idealTree:node_modules/gopd Completed in 0ms
288 timing idealTree:node_modules/has-property-descriptors Completed in 0ms
289 timing idealTree:node_modules/statuses Completed in 0ms
290 timing idealTree:node_modules/toidentifier Completed in 0ms
291 silly placeDep ROOT media-typer@0.3.0 OK for: type-is@1.6.18 want: 0.3.0
292 timing idealTree:node_modules/type-is Completed in 1ms
293 timing idealTree:node_modules/media-typer Completed in 0ms
294 timing idealTree:node_modules/unpipe Completed in 0ms
295 timing idealTree:node_modules/utils-merge Completed in 0ms
296 timing idealTree:node_modules/vary Completed in 0ms
297 timing idealTree:node_modules/send/node_modules/encodeurl Completed in 0ms
298 timing idealTree:node_modules/send/node_modules/ms Completed in 0ms
299 timing idealTree:buildDeps Completed in 3137ms
300 timing idealTree:fixDepFlags Completed in 1ms
301 timing idealTree Completed in 3168ms
302 timing reify:loadTrees Completed in 3170ms
303 timing reify:diffTrees Completed in 5ms
304 silly reify moves {}
305 timing reify:retireShallow Completed in 1ms
306 timing reify:createSparse Completed in 14ms
307 timing reify:loadBundles Completed in 0ms
308 silly audit bulk request {
308 silly audit   express: [ '4.21.1' ],
308 silly audit   accepts: [ '1.3.8' ],
308 silly audit   'array-flatten': [ '1.1.1' ],
308 silly audit   'body-parser': [ '1.20.3' ],
308 silly audit   'content-disposition': [ '0.5.4' ],
308 silly audit   'content-type': [ '1.0.5' ],
308 silly audit   cookie: [ '0.7.1' ],
308 silly audit   'cookie-signature': [ '1.0.6' ],
308 silly audit   debug: [ '2.6.9' ],
308 silly audit   depd: [ '2.0.0' ],
308 silly audit   encodeurl: [ '2.0.0', '1.0.2' ],
308 silly audit   'escape-html': [ '1.0.3' ],
308 silly audit   etag: [ '1.8.1' ],
308 silly audit   finalhandler: [ '1.3.1' ],
308 silly audit   fresh: [ '0.5.2' ],
308 silly audit   'http-errors': [ '2.0.0' ],
308 silly audit   'merge-descriptors': [ '1.0.3' ],
308 silly audit   methods: [ '1.1.2' ],
308 silly audit   'on-finished': [ '2.4.1' ],
308 silly audit   parseurl: [ '1.3.3' ],
308 silly audit   'path-to-regexp': [ '0.1.10' ],
308 silly audit   'proxy-addr': [ '2.0.7' ],
308 silly audit   qs: [ '6.13.0' ],
308 silly audit   'range-parser': [ '1.2.1' ],
308 silly audit   'safe-buffer': [ '5.2.1' ],
308 silly audit   send: [ '0.19.0' ],
308 silly audit   'serve-static': [ '1.16.2' ],
308 silly audit   setprototypeof: [ '1.2.0' ],
308 silly audit   statuses: [ '2.0.1' ],
308 silly audit   'type-is': [ '1.6.18' ],
308 silly audit   'utils-merge': [ '1.0.1' ],
308 silly audit   vary: [ '1.1.2' ],
308 silly audit   'mime-types': [ '2.1.35' ],
308 silly audit   negotiator: [ '0.6.3' ],
308 silly audit   bytes: [ '3.1.2' ],
308 silly audit   destroy: [ '1.2.0' ],
308 silly audit   'iconv-lite': [ '0.4.24' ],
308 silly audit   'raw-body': [ '2.5.2' ],
308 silly audit   unpipe: [ '1.0.0' ],
308 silly audit   ms: [ '2.0.0', '2.1.3' ],
308 silly audit   inherits: [ '2.0.4' ],
308 silly audit   toidentifier: [ '1.0.1' ],
308 silly audit   'safer-buffer': [ '2.1.2' ],
308 silly audit   'mime-db': [ '1.52.0' ],
308 silly audit   'ee-first': [ '1.1.1' ],
308 silly audit   forwarded: [ '0.2.0' ],
308 silly audit   'ipaddr.js': [ '1.9.1' ],
308 silly audit   'side-channel': [ '1.0.6' ],
308 silly audit   mime: [ '1.6.0' ],
308 silly audit   'call-bind': [ '1.0.7' ],
308 silly audit   'es-errors': [ '1.3.0' ],
308 silly audit   'get-intrinsic': [ '1.2.4' ],
308 silly audit   'object-inspect': [ '1.13.2' ],
308 silly audit   'es-define-property': [ '1.0.0' ],
308 silly audit   'function-bind': [ '1.1.2' ],
308 silly audit   'set-function-length': [ '1.2.2' ],
308 silly audit   'has-proto': [ '1.0.3' ],
308 silly audit   'has-symbols': [ '1.0.3' ],
308 silly audit   hasown: [ '2.0.2' ],
308 silly audit   'define-data-property': [ '1.1.4' ],
308 silly audit   gopd: [ '1.0.1' ],
308 silly audit   'has-property-descriptors': [ '1.0.2' ],
308 silly audit   'media-typer': [ '0.3.0' ]
308 silly audit }
309 silly tarball no local data for ms@https://registry.npmjs.org/ms/-/ms-2.1.3.tgz. Extracting by manifest.
310 silly tarball no local data for encodeurl@https://registry.npmjs.org/encodeurl/-/encodeurl-1.0.2.tgz. Extracting by manifest.
311 silly tarball no local data for media-typer@https://registry.npmjs.org/media-typer/-/media-typer-0.3.0.tgz. Extracting by manifest.
312 silly tarball no local data for has-property-descriptors@https://registry.npmjs.org/has-property-descriptors/-/has-property-descriptors-1.0.2.tgz. Extracting by manifest.
313 silly tarball no local data for gopd@https://registry.npmjs.org/gopd/-/gopd-1.0.1.tgz. Extracting by manifest.
314 silly tarball no local data for define-data-property@https://registry.npmjs.org/define-data-property/-/define-data-property-1.1.4.tgz. Extracting by manifest.
315 silly tarball no local data for hasown@https://registry.npmjs.org/hasown/-/hasown-2.0.2.tgz. Extracting by manifest.
316 silly tarball no local data for has-symbols@https://registry.npmjs.org/has-symbols/-/has-symbols-1.0.3.tgz. Extracting by manifest.
317 silly tarball no local data for has-proto@https://registry.npmjs.org/has-proto/-/has-proto-1.0.3.tgz. Extracting by manifest.
318 silly tarball no local data for set-function-length@https://registry.npmjs.org/set-function-length/-/set-function-length-1.2.2.tgz. Extracting by manifest.
319 silly tarball no local data for function-bind@https://registry.npmjs.org/function-bind/-/function-bind-1.1.2.tgz. Extracting by manifest.
320 silly tarball no local data for es-define-property@https://registry.npmjs.org/es-define-property/-/es-define-property-1.0.0.tgz. Extracting by manifest.
321 silly tarball no local data for object-inspect@https://registry.npmjs.org/object-inspect/-/object-inspect-1.13.2.tgz. Extracting by manifest.
322 silly tarball no local data for get-intrinsic@https://registry.npmjs.org/get-intrinsic/-/get-intrinsic-1.2.4.tgz. Extracting by manifest.
323 silly tarball no local data for es-errors@https://registry.npmjs.org/es-errors/-/es-errors-1.3.0.tgz. Extracting by manifest.
324 silly tarball no local data for call-bind@https://registry.npmjs.org/call-bind/-/call-bind-1.0.7.tgz. Extracting by manifest.
325 silly tarball no local data for mime@https://registry.npmjs.org/mime/-/mime-1.6.0.tgz. Extracting by manifest.
326 silly tarball no local data for side-channel@https://registry.npmjs.org/side-channel/-/side-channel-1.0.6.tgz. Extracting by manifest.
327 silly tarball no local data for ipaddr.js@https://registry.npmjs.org/ipaddr.js/-/ipaddr.js-1.9.1.tgz. Extracting by manifest.
328 silly tarball no local data for forwarded@https://registry.npmjs.org/forwarded/-/forwarded-0.2.0.tgz. Extracting by manifest.
329 silly tarball no local data for ee-first@https://registry.npmjs.org/ee-first/-/ee-first-1.1.1.tgz. Extracting by manifest.
330 silly tarball no local data for mime-db@https://registry.npmjs.org/mime-db/-/mime-db-1.52.0.tgz. Extracting by manifest.
331 silly tarball no local data for safer-buffer@https://registry.npmjs.org/safer-buffer/-/safer-buffer-2.1.2.tgz. Extracting by manifest.
332 silly tarball no local data for toidentifier@https://registry.npmjs.org/toidentifier/-/toidentifier-1.0.1.tgz. Extracting by manifest.
333 silly tarball no local data for inherits@https://registry.npmjs.org/inherits/-/inherits-2.0.4.tgz. Extracting by manifest.
334 silly tarball no local data for ms@https://registry.npmjs.org/ms/-/ms-2.0.0.tgz. Extracting by manifest.
335 silly tarball no local data for unpipe@https://registry.npmjs.org/unpipe/-/unpipe-1.0.0.tgz. Extracting by manifest.
336 silly tarball no local data for raw-body@https://registry.npmjs.org/raw-body/-/raw-body-2.5.2.tgz. Extracting by manifest.
337 silly tarball no local data for iconv-lite@https://registry.npmjs.org/iconv-lite/-/iconv-lite-0.4.24.tgz. Extracting by manifest.
338 silly tarball no local data for destroy@https://registry.npmjs.org/destroy/-/destroy-1.2.0.tgz. Extracting by manifest.
339 silly tarball no local data for bytes@https://registry.npmjs.org/bytes/-/bytes-3.1.2.tgz. Extracting by manifest.
340 silly tarball no local data for negotiator@https://registry.npmjs.org/negotiator/-/negotiator-0.6.3.tgz. Extracting by manifest.
341 silly tarball no local data for mime-types@https://registry.npmjs.org/mime-types/-/mime-types-2.1.35.tgz. Extracting by manifest.
342 silly tarball no local data for vary@https://registry.npmjs.org/vary/-/vary-1.1.2.tgz. Extracting by manifest.
343 silly tarball no local data for utils-merge@https://registry.npmjs.org/utils-merge/-/utils-merge-1.0.1.tgz. Extracting by manifest.
344 silly tarball no local data for type-is@https://registry.npmjs.org/type-is/-/type-is-1.6.18.tgz. Extracting by manifest.
345 silly tarball no local data for statuses@https://registry.npmjs.org/statuses/-/statuses-2.0.1.tgz. Extracting by manifest.
346 silly tarball no local data for setprototypeof@https://registry.npmjs.org/setprototypeof/-/setprototypeof-1.2.0.tgz. Extracting by manifest.
347 silly tarball no local data for serve-static@https://registry.npmjs.org/serve-static/-/serve-static-1.16.2.tgz. Extracting by manifest.
348 silly tarball no local data for send@https://registry.npmjs.org/send/-/send-0.19.0.tgz. Extracting by manifest.
349 silly tarball no local data for safe-buffer@https://registry.npmjs.org/safe-buffer/-/safe-buffer-5.2.1.tgz. Extracting by manifest.
350 silly tarball no local data for range-parser@https://registry.npmjs.org/range-parser/-/range-parser-1.2.1.tgz. Extracting by manifest.
351 silly tarball no local data for qs@https://registry.npmjs.org/qs/-/qs-6.13.0.tgz. Extracting by manifest.
352 silly tarball no local data for proxy-addr@https://registry.npmjs.org/proxy-addr/-/proxy-addr-2.0.7.tgz. Extracting by manifest.
353 silly tarball no local data for path-to-regexp@https://registry.npmjs.org/path-to-regexp/-/path-to-regexp-0.1.10.tgz. Extracting by manifest.
354 silly tarball no local data for parseurl@https://registry.npmjs.org/parseurl/-/parseurl-1.3.3.tgz. Extracting by manifest.
355 silly tarball no local data for on-finished@https://registry.npmjs.org/on-finished/-/on-finished-2.4.1.tgz. Extracting by manifest.
356 silly tarball no local data for methods@https://registry.npmjs.org/methods/-/methods-1.1.2.tgz. Extracting by manifest.
357 silly tarball no local data for merge-descriptors@https://registry.npmjs.org/merge-descriptors/-/merge-descriptors-1.0.3.tgz. Extracting by manifest.
358 silly tarball no local data for http-errors@https://registry.npmjs.org/http-errors/-/http-errors-2.0.0.tgz. Extracting by manifest.
359 silly tarball no local data for fresh@https://registry.npmjs.org/fresh/-/fresh-0.5.2.tgz. Extracting by manifest.
360 silly tarball no local data for finalhandler@https://registry.npmjs.org/finalhandler/-/finalhandler-1.3.1.tgz. Extracting by manifest.
361 silly tarball no local data for etag@https://registry.npmjs.org/etag/-/etag-1.8.1.tgz. Extracting by manifest.
362 silly tarball no local data for escape-html@https://registry.npmjs.org/escape-html/-/escape-html-1.0.3.tgz. Extracting by manifest.
363 silly tarball no local data for encodeurl@https://registry.npmjs.org/encodeurl/-/encodeurl-2.0.0.tgz. Extracting by manifest.
364 silly tarball no local data for depd@https://registry.npmjs.org/depd/-/depd-2.0.0.tgz. Extracting by manifest.
365 silly tarball no local data for debug@https://registry.npmjs.org/debug/-/debug-2.6.9.tgz. Extracting by manifest.
366 silly tarball no local data for cookie-signature@https://registry.npmjs.org/cookie-signature/-/cookie-signature-1.0.6.tgz. Extracting by manifest.
367 silly tarball no local data for cookie@https://registry.npmjs.org/cookie/-/cookie-0.7.1.tgz. Extracting by manifest.
368 silly tarball no local data for content-type@https://registry.npmjs.org/content-type/-/content-type-1.0.5.tgz. Extracting by manifest.
369 silly tarball no local data for content-disposition@https://registry.npmjs.org/content-disposition/-/content-disposition-0.5.4.tgz. Extracting by manifest.
370 silly tarball no local data for body-parser@https://registry.npmjs.org/body-parser/-/body-parser-1.20.3.tgz. Extracting by manifest.
371 silly tarball no local data for array-flatten@https://registry.npmjs.org/array-flatten/-/array-flatten-1.1.1.tgz. Extracting by manifest.
372 silly tarball no local data for accepts@https://registry.npmjs.org/accepts/-/accepts-1.3.8.tgz. Extracting by manifest.
373 silly tarball no local data for express@https://registry.npmjs.org/express/-/express-4.21.1.tgz. Extracting by manifest.
374 http fetch POST 200 https://registry.npmjs.org/-/npm/v1/security/advisories/bulk 420ms
375 timing auditReport:getReport Completed in 423ms
376 silly audit report {}
377 timing auditReport:init Completed in 0ms
378 timing reify:audit Completed in 424ms
379 http fetch GET 200 https://registry.npmjs.org/accepts/-/accepts-1.3.8.tgz 1084ms (cache miss)
380 timing reifyNode:node_modules/accepts Completed in 1371ms
381 http fetch GET 200 https://registry.npmjs.org/encodeurl/-/encodeurl-2.0.0.tgz 1125ms (cache miss)
382 timing reifyNode:node_modules/encodeurl Completed in 1404ms
383 http fetch GET 200 https://registry.npmjs.org/gopd/-/gopd-1.0.1.tgz 1352ms (cache miss)
384 timing reifyNode:node_modules/gopd Completed in 1420ms
385 http fetch GET 200 https://registry.npmjs.org/media-typer/-/media-typer-0.3.0.tgz 1353ms (cache miss)
386 timing reifyNode:node_modules/media-typer Completed in 1420ms
387 http fetch GET 200 https://registry.npmjs.org/setprototypeof/-/setprototypeof-1.2.0.tgz 1174ms (cache miss)
388 timing reifyNode:node_modules/setprototypeof Completed in 1421ms
389 http fetch GET 200 https://registry.npmjs.org/destroy/-/destroy-1.2.0.tgz 1306ms (cache miss)
390 timing reifyNode:node_modules/destroy Completed in 1422ms
391 http fetch GET 200 https://registry.npmjs.org/inherits/-/inherits-2.0.4.tgz 1315ms (cache miss)
392 timing reifyNode:node_modules/inherits Completed in 1425ms
393 http fetch GET 200 https://registry.npmjs.org/hasown/-/hasown-2.0.2.tgz 1354ms (cache miss)
394 http fetch GET 200 https://registry.npmjs.org/unpipe/-/unpipe-1.0.0.tgz 1316ms (cache miss)
395 timing reifyNode:node_modules/unpipe Completed in 1428ms
396 http fetch GET 200 https://registry.npmjs.org/type-is/-/type-is-1.6.18.tgz 1305ms (cache miss)
397 timing reifyNode:node_modules/type-is Completed in 1428ms
398 http fetch GET 200 https://registry.npmjs.org/cookie-signature/-/cookie-signature-1.0.6.tgz 1153ms (cache miss)
399 timing reifyNode:node_modules/cookie-signature Completed in 1437ms
400 http fetch GET 200 https://registry.npmjs.org/merge-descriptors/-/merge-descriptors-1.0.3.tgz 1172ms (cache miss)
401 timing reifyNode:node_modules/merge-descriptors Completed in 1437ms
402 http fetch GET 200 https://registry.npmjs.org/ee-first/-/ee-first-1.1.1.tgz 1343ms (cache miss)
403 timing reifyNode:node_modules/ee-first Completed in 1439ms
404 http fetch GET 200 https://registry.npmjs.org/negotiator/-/negotiator-0.6.3.tgz 1318ms (cache miss)
405 timing reifyNode:node_modules/negotiator Completed in 1439ms
406 http fetch GET 200 https://registry.npmjs.org/ms/-/ms-2.1.3.tgz 1398ms (cache miss)
407 timing reifyNode:node_modules/send/node_modules/ms Completed in 1439ms
408 http fetch GET 200 https://registry.npmjs.org/range-parser/-/range-parser-1.2.1.tgz 1189ms (cache miss)
409 timing reifyNode:node_modules/range-parser Completed in 1439ms
410 http fetch GET 200 https://registry.npmjs.org/encodeurl/-/encodeurl-1.0.2.tgz 1398ms (cache miss)
411 timing reifyNode:node_modules/send/node_modules/encodeurl Completed in 1440ms
412 http fetch GET 200 https://registry.npmjs.org/array-flatten/-/array-flatten-1.1.1.tgz 1153ms (cache miss)
413 timing reifyNode:node_modules/array-flatten Completed in 1439ms
414 http fetch GET 200 https://registry.npmjs.org/has-property-descriptors/-/has-property-descriptors-1.0.2.tgz 1375ms (cache miss)
415 timing reifyNode:node_modules/has-property-descriptors Completed in 1442ms
416 http fetch GET 200 https://registry.npmjs.org/ms/-/ms-2.0.0.tgz 1340ms (cache miss)
417 timing reifyNode:node_modules/ms Completed in 1451ms
418 http fetch GET 200 https://registry.npmjs.org/cookie/-/cookie-0.7.1.tgz 1166ms (cache miss)
419 timing reifyNode:node_modules/cookie Completed in 1450ms
420 http fetch GET 200 https://registry.npmjs.org/methods/-/methods-1.1.2.tgz 1188ms (cache miss)
421 timing reifyNode:node_modules/methods Completed in 1450ms
422 http fetch GET 200 https://registry.npmjs.org/bytes/-/bytes-3.1.2.tgz 1334ms (cache miss)
423 timing reifyNode:node_modules/bytes Completed in 1452ms
424 http fetch GET 200 https://registry.npmjs.org/vary/-/vary-1.1.2.tgz 1330ms (cache miss)
425 timing reifyNode:node_modules/vary Completed in 1452ms
426 http fetch GET 200 https://registry.npmjs.org/safe-buffer/-/safe-buffer-5.2.1.tgz 1202ms (cache miss)
427 timing reifyNode:node_modules/safe-buffer Completed in 1452ms
428 http fetch GET 200 https://registry.npmjs.org/finalhandler/-/finalhandler-1.3.1.tgz 1174ms (cache miss)
429 timing reifyNode:node_modules/finalhandler Completed in 1451ms
430 http fetch GET 200 https://registry.npmjs.org/fresh/-/fresh-0.5.2.tgz 1174ms (cache miss)
431 timing reifyNode:node_modules/fresh Completed in 1451ms
432 timing reifyNode:node_modules/hasown Completed in 1454ms
433 http fetch GET 200 https://registry.npmjs.org/forwarded/-/forwarded-0.2.0.tgz 1358ms (cache miss)
434 timing reifyNode:node_modules/forwarded Completed in 1453ms
435 http fetch GET 200 https://registry.npmjs.org/toidentifier/-/toidentifier-1.0.1.tgz 1345ms (cache miss)
436 timing reifyNode:node_modules/toidentifier Completed in 1453ms
437 http fetch GET 200 https://registry.npmjs.org/utils-merge/-/utils-merge-1.0.1.tgz 1331ms (cache miss)
438 timing reifyNode:node_modules/utils-merge Completed in 1453ms
439 http fetch GET 200 https://registry.npmjs.org/es-define-property/-/es-define-property-1.0.0.tgz 1372ms (cache miss)
440 timing reifyNode:node_modules/es-define-property Completed in 1454ms
441 http fetch GET 200 https://registry.npmjs.org/path-to-regexp/-/path-to-regexp-0.1.10.tgz 1209ms (cache miss)
442 timing reifyNode:node_modules/path-to-regexp Completed in 1469ms
443 http fetch GET 200 https://registry.npmjs.org/statuses/-/statuses-2.0.1.tgz 1232ms (cache miss)
444 timing reifyNode:node_modules/statuses Completed in 1470ms
445 http fetch GET 200 https://registry.npmjs.org/has-proto/-/has-proto-1.0.3.tgz 1395ms (cache miss)
446 timing reifyNode:node_modules/has-proto Completed in 1471ms
447 http fetch GET 200 https://registry.npmjs.org/escape-html/-/escape-html-1.0.3.tgz 1190ms (cache miss)
448 timing reifyNode:node_modules/escape-html Completed in 1469ms
449 http fetch GET 200 https://registry.npmjs.org/mime-types/-/mime-types-2.1.35.tgz 1349ms (cache miss)
450 timing reifyNode:node_modules/mime-types Completed in 1471ms
451 http fetch GET 200 https://registry.npmjs.org/proxy-addr/-/proxy-addr-2.0.7.tgz 1211ms (cache miss)
452 timing reifyNode:node_modules/proxy-addr Completed in 1470ms
453 http fetch GET 200 https://registry.npmjs.org/on-finished/-/on-finished-2.4.1.tgz 1213ms (cache miss)
454 timing reifyNode:node_modules/on-finished Completed in 1474ms
455 http fetch GET 200 https://registry.npmjs.org/etag/-/etag-1.8.1.tgz 1196ms (cache miss)
456 timing reifyNode:node_modules/etag Completed in 1474ms
457 http fetch GET 200 https://registry.npmjs.org/content-disposition/-/content-disposition-0.5.4.tgz 1188ms (cache miss)
458 timing reifyNode:node_modules/content-disposition Completed in 1474ms
459 http fetch GET 200 https://registry.npmjs.org/parseurl/-/parseurl-1.3.3.tgz 1225ms (cache miss)
460 timing reifyNode:node_modules/parseurl Completed in 1486ms
461 http fetch GET 200 https://registry.npmjs.org/content-type/-/content-type-1.0.5.tgz 1201ms (cache miss)
462 timing reifyNode:node_modules/content-type Completed in 1487ms
463 http fetch GET 200 https://registry.npmjs.org/raw-body/-/raw-body-2.5.2.tgz 1378ms (cache miss)
464 timing reifyNode:node_modules/raw-body Completed in 1490ms
465 http fetch GET 200 https://registry.npmjs.org/set-function-length/-/set-function-length-1.2.2.tgz 1410ms (cache miss)
466 timing reifyNode:node_modules/set-function-length Completed in 1491ms
467 http fetch GET 200 https://registry.npmjs.org/http-errors/-/http-errors-2.0.0.tgz 1223ms (cache miss)
468 timing reifyNode:node_modules/http-errors Completed in 1489ms
469 http fetch GET 200 https://registry.npmjs.org/call-bind/-/call-bind-1.0.7.tgz 1409ms (cache miss)
470 timing reifyNode:node_modules/call-bind Completed in 1498ms
471 http fetch GET 200 https://registry.npmjs.org/depd/-/depd-2.0.0.tgz 1216ms (cache miss)
472 timing reifyNode:node_modules/depd Completed in 1497ms
473 http fetch GET 200 https://registry.npmjs.org/ipaddr.js/-/ipaddr.js-1.9.1.tgz 1406ms (cache miss)
474 timing reifyNode:node_modules/ipaddr.js Completed in 1500ms
475 http fetch GET 200 https://registry.npmjs.org/serve-static/-/serve-static-1.16.2.tgz 1253ms (cache miss)
476 timing reifyNode:node_modules/serve-static Completed in 1501ms
477 http fetch GET 200 https://registry.npmjs.org/safer-buffer/-/safer-buffer-2.1.2.tgz 1404ms (cache miss)
478 timing reifyNode:node_modules/safer-buffer Completed in 1501ms
479 http fetch GET 200 https://registry.npmjs.org/send/-/send-0.19.0.tgz 1254ms (cache miss)
480 timing reifyNode:node_modules/send Completed in 1503ms
481 http fetch GET 200 https://registry.npmjs.org/es-errors/-/es-errors-1.3.0.tgz 1415ms (cache miss)
482 timing reifyNode:node_modules/es-errors Completed in 1504ms
483 http fetch GET 200 https://registry.npmjs.org/define-data-property/-/define-data-property-1.1.4.tgz 1437ms (cache miss)
484 timing reifyNode:node_modules/define-data-property Completed in 1510ms
485 http fetch GET 200 https://registry.npmjs.org/get-intrinsic/-/get-intrinsic-1.2.4.tgz 1425ms (cache miss)
486 timing reifyNode:node_modules/get-intrinsic Completed in 1513ms
487 http fetch GET 200 https://registry.npmjs.org/function-bind/-/function-bind-1.1.2.tgz 1432ms (cache miss)
488 timing reifyNode:node_modules/function-bind Completed in 1515ms
489 http fetch GET 200 https://registry.npmjs.org/has-symbols/-/has-symbols-1.0.3.tgz 1446ms (cache miss)
490 timing reifyNode:node_modules/has-symbols Completed in 1520ms
491 http fetch GET 200 https://registry.npmjs.org/side-channel/-/side-channel-1.0.6.tgz 1426ms (cache miss)
492 timing reifyNode:node_modules/side-channel Completed in 1519ms
493 http fetch GET 200 https://registry.npmjs.org/mime/-/mime-1.6.0.tgz 1438ms (cache miss)
494 timing reifyNode:node_modules/mime Completed in 1530ms
495 http fetch GET 200 https://registry.npmjs.org/mime-db/-/mime-db-1.52.0.tgz 1437ms (cache miss)
496 timing reifyNode:node_modules/mime-db Completed in 1533ms
497 http fetch GET 200 https://registry.npmjs.org/body-parser/-/body-parser-1.20.3.tgz 1246ms (cache miss)
498 timing reifyNode:node_modules/body-parser Completed in 1532ms
499 http fetch GET 200 https://registry.npmjs.org/debug/-/debug-2.6.9.tgz 1256ms (cache miss)
500 timing reifyNode:node_modules/debug Completed in 1537ms
501 http fetch GET 200 https://registry.npmjs.org/object-inspect/-/object-inspect-1.13.2.tgz 1491ms (cache miss)
502 timing reifyNode:node_modules/object-inspect Completed in 1580ms
503 http fetch GET 200 https://registry.npmjs.org/qs/-/qs-6.13.0.tgz 1330ms (cache miss)
504 timing reifyNode:node_modules/qs Completed in 1588ms
505 http fetch GET 200 https://registry.npmjs.org/express/-/express-4.21.1.tgz 1290ms (cache miss)
506 timing reifyNode:node_modules/express Completed in 1588ms
507 http fetch GET 200 https://registry.npmjs.org/iconv-lite/-/iconv-lite-0.4.24.tgz 1513ms (cache miss)
508 timing reifyNode:node_modules/iconv-lite Completed in 1628ms
509 timing reify:unpack Completed in 1629ms
510 timing reify:unretire Completed in 0ms
511 timing build:queue Completed in 8ms
512 timing build:link:node_modules/mime Completed in 1ms
513 timing build:link Completed in 2ms
514 timing build:deps Completed in 11ms
515 timing build Completed in 11ms
516 timing reify:build Completed in 12ms
517 timing reify:trash Completed in 0ms
518 timing reify:save Completed in 58ms
519 timing reify Completed in 4977ms
520 silly ADD node_modules/media-typer
521 silly ADD node_modules/has-property-descriptors
522 silly ADD node_modules/gopd
523 silly ADD node_modules/define-data-property
524 silly ADD node_modules/hasown
525 silly ADD node_modules/has-symbols
526 silly ADD node_modules/has-proto
527 silly ADD node_modules/set-function-length
528 silly ADD node_modules/function-bind
529 silly ADD node_modules/es-define-property
530 silly ADD node_modules/object-inspect
531 silly ADD node_modules/get-intrinsic
532 silly ADD node_modules/es-errors
533 silly ADD node_modules/call-bind
534 silly ADD node_modules/mime
535 silly ADD node_modules/side-channel
536 silly ADD node_modules/ipaddr.js
537 silly ADD node_modules/forwarded
538 silly ADD node_modules/ee-first
539 silly ADD node_modules/mime-db
540 silly ADD node_modules/safer-buffer
541 silly ADD node_modules/toidentifier
542 silly ADD node_modules/inherits
543 silly ADD node_modules/ms
544 silly ADD node_modules/unpipe
545 silly ADD node_modules/raw-body
546 silly ADD node_modules/iconv-lite
547 silly ADD node_modules/destroy
548 silly ADD node_modules/bytes
549 silly ADD node_modules/negotiator
550 silly ADD node_modules/mime-types
551 silly ADD node_modules/vary
552 silly ADD node_modules/utils-merge
553 silly ADD node_modules/type-is
554 silly ADD node_modules/statuses
555 silly ADD node_modules/setprototypeof
556 silly ADD node_modules/serve-static
557 silly ADD node_modules/send
558 silly ADD node_modules/send/node_modules/ms
559 silly ADD node_modules/send/node_modules/encodeurl
560 silly ADD node_modules/safe-buffer
561 silly ADD node_modules/range-parser
562 silly ADD node_modules/qs
563 silly ADD node_modules/proxy-addr
564 silly ADD node_modules/path-to-regexp
565 silly ADD node_modules/parseurl
566 silly ADD node_modules/on-finished
567 silly ADD node_modules/methods
568 silly ADD node_modules/merge-descriptors
569 silly ADD node_modules/http-errors
570 silly ADD node_modules/fresh
571 silly ADD node_modules/finalhandler
572 silly ADD node_modules/etag
573 silly ADD node_modules/escape-html
574 silly ADD node_modules/encodeurl
575 silly ADD node_modules/depd
576 silly ADD node_modules/debug
577 silly ADD node_modules/cookie-signature
578 silly ADD node_modules/cookie
579 silly ADD node_modules/content-type
580 silly ADD node_modules/content-disposition
581 silly ADD node_modules/body-parser
582 silly ADD node_modules/array-flatten
583 silly ADD node_modules/accepts
584 silly ADD node_modules/express
585 timing command:install Completed in 4996ms
586 verbose exit 0
587 timing npm Completed in 5305ms
588 info ok
